Capstone_DataCollection/app/build/intermediates/manifest_merge_blame_file/debug/manifest-merger-blame-debug-report.txt
1<?xml version="1.0" encoding="utf-8"?>
2<manifest xmlns:android="http://schemas.android.com/apk/res/android"
3    package="com.example.capstone_datacollection"
4    android:versionCode="1"
5    android:versionName="1.0" >
6
7    <uses-sdk
8        android:minSdkVersion="15"
8-->src/main/AndroidManifest.xml
9        android:targetSdkVersion="29" />
9-->src/main/AndroidManifest.xml
10
11    <!-- Include required permissions for Google Maps API to run. -->
12    <uses-permission android:name="android.permission.ACCESS_NETWORK_STATE" />
12-->[com.google.android.gms:play-services-maps:17.0.0] AndroidManifest.xml:23:5-79
12-->[com.google.android.gms:play-services-maps:17.0.0] AndroidManifest.xml:23:22-76
13    <uses-permission android:name="android.permission.INTERNET" />
13-->[com.google.android.gms:play-services-maps:17.0.0] AndroidManifest.xml:24:5-67
13-->[com.google.android.gms:play-services-maps:17.0.0] AndroidManifest.xml:24:22-64
14
15    <uses-feature
15-->[com.google.android.gms:play-services-maps:17.0.0] AndroidManifest.xml:26:5-28:35
16        android:glEsVersion="0x00020000"
16-->[com.google.android.gms:play-services-maps:17.0.0] AndroidManifest.xml:27:9-41
17        android:required="true" />
17-->[com.google.android.gms:play-services-maps:17.0.0] AndroidManifest.xml:28:9-32
18
19    <application
19-->src/main/AndroidManifest.xml:5:5-60:19
20        android:allowBackup="true"
20-->src/main/AndroidManifest.xml:6:9-35
21        android:appComponentFactory="androidx.core.app.CoreComponentFactory"
21-->[androidx.core:core:1.0.1] AndroidManifest.xml:22:18-86
22        android:debuggable="true"
23        android:icon="@mipmap/ic_launcher"
23-->src/main/AndroidManifest.xml:7:9-43
24        android:label="@string/app_name"
24-->src/main/AndroidManifest.xml:8:9-41
25        android:roundIcon="@mipmap/ic_launcher_round"
25-->src/main/AndroidManifest.xml:9:9-54
26        android:supportsRtl="true"
26-->src/main/AndroidManifest.xml:10:9-35
27        android:theme="@style/Theme.AppCompat.NoActionBar" >
27-->src/main/AndroidManifest.xml:12:9-59
28
29        <!-- android:theme="@style/AppTheme"> -->
30
31
32        <!-- <activity android:name=".getNewDataActivity"></activity> -->
33        <activity
33-->src/main/AndroidManifest.xml:16:9-24:20
34            android:name="com.example.capstone_datacollection.getNewDataActivity"
34-->src/main/AndroidManifest.xml:17:13-47
35            android:parentActivityName="com.example.capstone_datacollection.MainActivity" >
35-->src/main/AndroidManifest.xml:18:13-55
36
37            <!-- The meta-data tag is required if you support API level 15 and lower -->
38            <meta-data
38-->src/main/AndroidManifest.xml:21:13-23:49
39                android:name="android.support.PARENT_ACTIVITY"
39-->src/main/AndroidManifest.xml:22:17-63
40                android:value=".MainActivity" />
40-->src/main/AndroidManifest.xml:23:17-46
41        </activity> <!-- <activity android:name=".getHistoryDataActivity"></activity> -->
42        <activity
42-->src/main/AndroidManifest.xml:25:9-33:20
43            android:name="com.example.capstone_datacollection.getHistoryDataActivity"
43-->src/main/AndroidManifest.xml:26:13-51
44            android:parentActivityName="com.example.capstone_datacollection.MainActivity" >
44-->src/main/AndroidManifest.xml:27:13-55
45
46            <!-- The meta-data tag is required if you support API level 15 and lower -->
47            <meta-data
47-->src/main/AndroidManifest.xml:21:13-23:49
48                android:name="android.support.PARENT_ACTIVITY"
48-->src/main/AndroidManifest.xml:22:17-63
49                android:value=".MainActivity" />
49-->src/main/AndroidManifest.xml:23:17-46
50        </activity>
51        <activity
51-->src/main/AndroidManifest.xml:34:9-42:20
52            android:name="com.example.capstone_datacollection.displayHistoryData"
52-->src/main/AndroidManifest.xml:35:13-47
53            android:parentActivityName="com.example.capstone_datacollection.getHistoryDataActivity" >
53-->src/main/AndroidManifest.xml:36:13-65
54
55            <!-- The meta-data tag is required if you support API level 15 and lower -->
56            <meta-data
56-->src/main/AndroidManifest.xml:21:13-23:49
57                android:name="android.support.PARENT_ACTIVITY"
57-->src/main/AndroidManifest.xml:22:17-63
58                android:value=".getHistoryDataActivity" />
58-->src/main/AndroidManifest.xml:23:17-46
59        </activity>
60        <activity
60-->src/main/AndroidManifest.xml:43:9-51:20
61            android:name="com.example.capstone_datacollection.displayNewGetData"
61-->src/main/AndroidManifest.xml:44:13-46
62            android:parentActivityName="com.example.capstone_datacollection.getNewDataActivity" >
62-->src/main/AndroidManifest.xml:45:13-61
63
64            <!-- The meta-data tag is required if you support API level 15 and lower -->
65            <meta-data
65-->src/main/AndroidManifest.xml:21:13-23:49
66                android:name="android.support.PARENT_ACTIVITY"
66-->src/main/AndroidManifest.xml:22:17-63
67                android:value=".getNewDataActivity" />
67-->src/main/AndroidManifest.xml:23:17-46
68        </activity>
69        <activity android:name="com.example.capstone_datacollection.MainActivity" >
69-->src/main/AndroidManifest.xml:53:9-59:20
69-->src/main/AndroidManifest.xml:53:19-47
70            <intent-filter>
70-->src/main/AndroidManifest.xml:54:13-58:29
71                <action android:name="android.intent.action.MAIN" />
71-->src/main/AndroidManifest.xml:55:17-69
71-->src/main/AndroidManifest.xml:55:25-66
72
73                <category android:name="android.intent.category.LAUNCHER" />
73-->src/main/AndroidManifest.xml:57:17-77
73-->src/main/AndroidManifest.xml:57:27-74
74            </intent-filter>
75        </activity>
76        <!-- Needs to be explicitly declared on P+ -->
77        <uses-library
77-->[com.google.android.gms:play-services-maps:17.0.0] AndroidManifest.xml:33:9-35:40
78            android:name="org.apache.http.legacy"
78-->[com.google.android.gms:play-services-maps:17.0.0] AndroidManifest.xml:34:13-50
79            android:required="false" />
79-->[com.google.android.gms:play-services-maps:17.0.0] AndroidManifest.xml:35:13-37
80
81        <activity
81-->[com.google.android.gms:play-services-base:17.0.0] AndroidManifest.xml:23:9-26:75
82            android:name="com.google.android.gms.common.api.GoogleApiActivity"
82-->[com.google.android.gms:play-services-base:17.0.0] AndroidManifest.xml:24:13-79
83            android:exported="false"
83-->[com.google.android.gms:play-services-base:17.0.0] AndroidManifest.xml:25:13-37
84            android:theme="@android:style/Theme.Translucent.NoTitleBar" />
84-->[com.google.android.gms:play-services-base:17.0.0] AndroidManifest.xml:26:13-72
85
86        <meta-data
86-->[com.google.android.gms:play-services-basement:17.0.0] AndroidManifest.xml:23:9-25:69
87            android:name="com.google.android.gms.version"
87-->[com.google.android.gms:play-services-basement:17.0.0] AndroidManifest.xml:24:13-58
88            android:value="@integer/google_play_services_version" />
88-->[com.google.android.gms:play-services-basement:17.0.0] AndroidManifest.xml:25:13-66
89    </application>
90
91</manifest>